[19Mar2025 00:04:52.201] [Server thread/INFO] [net.minecraft.server.network.ServerGamePacketListenerImpl/]: PlagaXNZ lost connection: Disconnected
[19Mar2025 00:04:52.203] [Server thread/INFO] [net.minecraft.server.MinecraftServer/]: PlagaXNZ left the game
[19Mar2025 00:04:52.203] [Server thread/INFO] [xaero.pac.OpenPartiesAndClaims/]: Updating all forceload tickets for 116e9c76-7157-3f7d-8106-557b209a5b07
[19Mar2025 00:04:52.204] [Server thread/INFO] [voicechat/]: [voicechat] Disconnecting client PlagaXNZ
[19Mar2025 00:07:18.817] [Server thread/INFO] [net.minecraft.server.players.PlayerList/]: PlagaXNZ[/127.71.30.2:56957] logged in with entity id 62088 at (26.61400179337704, 69.0, 931.9098802831863)
[19Mar2025 00:07:18.827] [Server thread/INFO] [net.minecraft.server.MinecraftServer/]: PlagaXNZ joined the game
[19Mar2025 00:07:18.858] [Server thread/INFO] [xaero.pac.OpenPartiesAndClaims/]: Updating all forceload tickets for 116e9c76-7157-3f7d-8106-557b209a5b07
[19Mar2025 00:07:19.238] [Server thread/INFO] [voicechat/]: [voicechat] Received secret request of PlagaXNZ (18)
[19Mar2025 00:07:19.238] [Server thread/INFO] [voicechat/]: [voicechat] Sent secret to PlagaXNZ
[19Mar2025 00:07:22.218] [VoiceChatPacketProcessingThread/INFO] [voicechat/]: [voicechat] Successfully authenticated player 116e9c76-7157-3f7d-8106-557b209a5b07
[19Mar2025 00:07:23.218] [VoiceChatPacketProcessingThread/INFO] [voicechat/]: [voicechat] Successfully validated connection of player 116e9c76-7157-3f7d-8106-557b209a5b07
[19Mar2025 00:07:23.218] [VoiceChatPacketProcessingThread/INFO] [voicechat/]: [voicechat] Player PlagaXNZ (116e9c76-7157-3f7d-8106-557b209a5b07) successfully connected to voice chat
[19Mar2025 00:09:39.334] [Server thread/INFO] [net.minecraft.server.MinecraftServer/]: Jukusting has made the advancement [Packing Up!]
[19Mar2025 00:10:41.026] [Server thread/INFO] [net.minecraft.server.MinecraftServer/]: Jukusting has made the advancement [Friendship Found]
[19Mar2025 00:18:42.360] [Server thread/INFO] [net.minecraft.server.MinecraftServer/]: Jukusting has made the advancement [Isn't It Iron Pick]
[19Mar2025 00:20:26.944] [Server thread/INFO] [net.minecraft.server.MinecraftServer/]: Jukusting has made the advancement [Recrafted Creatures]
[19Mar2025 00:52:47.622] [Server thread/INFO] [net.minecraft.server.MinecraftServer/]: [Not Secure] <PlagaXNZ> Si tenes acero
[19Mar2025 00:53:00.065] [Server thread/INFO] [net.minecraft.server.MinecraftServer/]: [Not Secure] <Jukusting> si cuanto necesitas??
[19Mar2025 00:56:10.066] [Server thread/INFO] [net.minecraft.server.MinecraftServer/]: PlagaXNZ has made the advancement [A Seedy Place]
[19Mar2025 00:56:52.115] [Server thread/INFO] [net.minecraft.server.network.ServerGamePacketListenerImpl/]: PlagaXNZ lost connection: Disconnected
[19Mar2025 00:56:52.115] [Server thread/INFO] [net.minecraft.server.MinecraftServer/]: PlagaXNZ left the game
[19Mar2025 00:56:52.115] [Server thread/INFO] [xaero.pac.OpenPartiesAndClaims/]: Updating all forceload tickets for 116e9c76-7157-3f7d-8106-557b209a5b07
[19Mar2025 00:56:52.116] [Server thread/INFO] [voicechat/]: [voicechat] Disconnecting client PlagaXNZ
[19Mar2025 00:57:02.069] [Server thread/INFO] [net.minecraft.server.players.PlayerList/]: PlagaXNZ[/127.71.30.2:41693] logged in with entity id 73984 at (56.45258785218948, 67.0, 1080.3786792009116)
[19Mar2025 00:57:02.080] [Server thread/INFO] [net.minecraft.server.MinecraftServer/]: PlagaXNZ joined the game
[19Mar2025 00:57:02.112] [Server thread/INFO] [xaero.pac.OpenPartiesAndClaims/]: Updating all forceload tickets for 116e9c76-7157-3f7d-8106-557b209a5b07
[19Mar2025 00:57:02.427] [Server thread/INFO] [voicechat/]: [voicechat] Received secret request of PlagaXNZ (18)
[19Mar2025 00:57:02.427] [Server thread/INFO] [voicechat/]: [voicechat] Sent secret to PlagaXNZ
[19Mar2025 00:57:03.419] [VoiceChatPacketProcessingThread/INFO] [voicechat/]: [voicechat] Successfully authenticated player 116e9c76-7157-3f7d-8106-557b209a5b07
[19Mar2025 00:57:04.419] [VoiceChatPacketProcessingThread/INFO] [voicechat/]: [voicechat] Successfully validated connection of player 116e9c76-7157-3f7d-8106-557b209a5b07
[19Mar2025 00:57:04.419] [VoiceChatPacketProcessingThread/INFO] [voicechat/]: [voicechat] Player PlagaXNZ (116e9c76-7157-3f7d-8106-557b209a5b07) successfully connected to voice chat
[19Mar2025 01:05:32.305] [Server thread/INFO] [net.minecraft.server.MinecraftServer/]: Jukusting has completed the challenge [Hunted]
[19Mar2025 01:05:45.307] [Server thread/INFO] [net.minecraft.world.entity.npc.Villager/]: Villager VillagerEntityMCA['Heidi'/67685, l='ServerLevel[world]', x=33.70, y=68.77, z=972.42] died, message: 'Heidi was slain by Vindicator'
[19Mar2025 01:05:45.308] [Server thread/INFO] [net.minecraft.world.entity.LivingEntity/]: Named entity VillagerEntityMCA['Heidi'/67685, l='ServerLevel[world]', x=33.70, y=68.77, z=972.42] died: Heidi was slain by Vindicator
[19Mar2025 01:05:57.964] [Server thread/INFO] [net.minecraft.server.MinecraftServer/]: [Not Secure] <Jukusting> pana ayudame
[19Mar2025 01:06:38.405] [Server thread/INFO] [net.minecraft.server.MinecraftServer/]: Jukusting was slain by Vindicator
[19Mar2025 01:07:17.295] [Server thread/INFO] [net.minecraft.world.entity.npc.Villager/]: Villager VillagerEntityMCA['Natalia'/57057, l='ServerLevel[world]', x=27.13, y=68.00, z=966.60] died, message: 'Natalia was slain by Vindicator'
[19Mar2025 01:07:17.296] [Server thread/INFO] [net.minecraft.world.entity.LivingEntity/]: Named entity VillagerEntityMCA['Natalia'/57057, l='ServerLevel[world]', x=27.13, y=68.00, z=966.60] died: Natalia was slain by Vindicator
[19Mar2025 01:07:29.753] [Server thread/INFO] [net.minecraft.server.MinecraftServer/]: PlagaXNZ was shot by Skeleton
[19Mar2025 01:07:41.073] [Server thread/INFO] [net.minecraft.server.MinecraftServer/]: [PlagaXNZ: Teleported PlagaXNZ to Jukusting]
[19Mar2025 01:08:48.576] [Server thread/INFO] [net.minecraft.server.MinecraftServer/]: PlagaXNZ was slain by Zombie
[19Mar2025 01:11:25.023] [Server thread/INFO] [net.minecraft.world.entity.npc.Villager/]: Villager VillagerEntityMCA['Gunveig'/53702, l='ServerLevel[world]', x=58.72, y=71.94, z=1027.04] died, message: 'Gunveig was slain by Jukusting'
[19Mar2025 01:11:25.023] [Server thread/INFO] [net.minecraft.world.entity.LivingEntity/]: Named entity VillagerEntityMCA['Gunveig'/53702, l='ServerLevel[world]', x=58.72, y=71.94, z=1027.04] died: Gunveig was slain by Jukusting
[19Mar2025 01:11:44.820] [Server thread/INFO] [net.minecraft.world.entity.npc.Villager/]: Villager VillagerEntityMCA['Arve'/53934, l='ServerLevel[world]', x=95.17, y=78.00, z=1043.85] died, message: 'Arve was slain by Jukusting'
[19Mar2025 01:11:44.821] [Server thread/INFO] [net.minecraft.world.entity.LivingEntity/]: Named entity VillagerEntityMCA['Arve'/53934, l='ServerLevel[world]', x=95.17, y=78.00, z=1043.85] died: Arve was slain by Jukusting
[19Mar2025 01:12:00.564] [Server thread/INFO] [net.minecraft.world.entity.npc.Villager/]: Villager VillagerEntityMCA['Bergljot'/53933, l='ServerLevel[world]', x=94.66, y=77.00, z=1053.58] died, message: 'Bergljot was slain by Jukusting'
[19Mar2025 01:12:00.565] [Server thread/INFO] [net.minecraft.world.entity.LivingEntity/]: Named entity VillagerEntityMCA['Bergljot'/53933, l='ServerLevel[world]', x=94.66, y=77.00, z=1053.58] died: Bergljot was slain by Jukusting
[19Mar2025 01:12:19.361] [Server thread/INFO] [net.minecraft.world.entity.npc.Villager/]: Villager VillagerEntityMCA['Helga'/53695, l='ServerLevel[world]', x=99.78, y=75.00, z=1092.35] died, message: 'Helga was slain by Jukusting'
[19Mar2025 01:12:19.362] [Server thread/INFO] [net.minecraft.world.entity.LivingEntity/]: Named entity VillagerEntityMCA['Helga'/53695, l='ServerLevel[world]', x=99.78, y=75.00, z=1092.35] died: Helga was slain by Jukusting
[19Mar2025 01:12:56.718] [Server thread/INFO] [net.minecraft.world.entity.npc.Villager/]: Villager VillagerEntityMCA['Herborg'/53697, l='ServerLevel[world]', x=50.64, y=66.36, z=1083.28] died, message: 'Herborg was slain by Jukusting'
[19Mar2025 01:12:56.719] [Server thread/INFO] [net.minecraft.world.entity.LivingEntity/]: Named entity VillagerEntityMCA['Herborg'/53697, l='ServerLevel[world]', x=50.64, y=66.36, z=1083.28] died: Herborg was slain by Jukusting
[19Mar2025 01:13:06.175] [Server thread/INFO] [net.minecraft.world.entity.npc.Villager/]: Villager VillagerEntityMCA['Normann'/70192, l='ServerLevel[world]', x=50.30, y=66.00, z=1083.45] died, message: 'Normann was slain by Jukusting'
[19Mar2025 01:13:06.175] [Server thread/INFO] [net.minecraft.world.entity.LivingEntity/]: Named entity VillagerEntityMCA['Normann'/70192, l='ServerLevel[world]', x=50.30, y=66.00, z=1083.45] died: Normann was slain by Jukusting
[19Mar2025 01:23:39.203] [Server thread/INFO] [net.minecraft.world.entity.npc.Villager/]: Villager VillagerEntityMCA['Doris'/70263, l='ServerLevel[world]', x=66.91, y=70.00, z=988.08] died, message: 'Doris was slain by Jukusting'
[19Mar2025 01:23:39.204] [Server thread/INFO] [net.minecraft.world.entity.LivingEntity/]: Named entity VillagerEntityMCA['Doris'/70263, l='ServerLevel[world]', x=66.91, y=70.00, z=988.08] died: Doris was slain by Jukusting
[19Mar2025 01:28:14.091] [Server thread/WARN] [net.minecraft.server.MinecraftServer/]: Can't keep up! Is the server overloaded? Running 2102ms or 42 ticks behind
[19Mar2025 01:28:52.852] [Server thread/WARN] [net.minecraft.server.MinecraftServer/]: Can't keep up! Is the server overloaded? Running 2013ms or 40 ticks behind
[19Mar2025 01:29:10.492] [Server thread/WARN] [net.minecraft.server.MinecraftServer/]: Can't keep up! Is the server overloaded? Running 2653ms or 53 ticks behind
[19Mar2025 01:29:36.555] [Server thread/INFO] [net.minecraft.server.MinecraftServer/]: PlagaXNZ was slain by Shy Guy
[19Mar2025 01:30:15.609] [Server thread/INFO] [net.minecraft.server.MinecraftServer/]: PlagaXNZ was slain by Shy Guy
[19Mar2025 01:30:50.502] [Server thread/INFO] [net.minecraft.server.MinecraftServer/]: Jukusting was slain by Shy Guy
[19Mar2025 01:30:50.503] [Server thread/INFO] [net.minecraft.server.MinecraftServer/]: Jukusting has completed the challenge [This is Bonfires]
[19Mar2025 01:31:35.064] [Server thread/WARN] [net.minecraft.server.MinecraftServer/]: Can't keep up! Is the server overloaded? Running 2076ms or 41 ticks behind
[19Mar2025 01:31:48.173] [Server thread/INFO] [net.minecraft.server.network.ServerGamePacketListenerImpl/]: Jukusting lost connection: Disconnected
[19Mar2025 01:31:48.173] [Server thread/INFO] [net.minecraft.server.MinecraftServer/]: Jukusting left the game
[19Mar2025 01:31:48.173] [Server thread/INFO] [xaero.pac.OpenPartiesAndClaims/]: Updating all forceload tickets for 2c865b14-cc57-3462-88a0-56205ddefec7
[19Mar2025 01:31:48.173] [Server thread/INFO] [voicechat/]: [voicechat] Disconnecting client Jukusting
[19Mar2025 01:31:54.590] [Server thread/WARN] [net.minecraft.server.MinecraftServer/]: Can't keep up! Is the server overloaded? Running 4552ms or 91 ticks behind
[19Mar2025 01:31:55.466] [Server thread/INFO] [net.minecraft.server.players.PlayerList/]: Jukusting[/127.113.44.68:53445] logged in with entity id 82783 at (20.963823335616794, 70.0, 929.8296671461123)
[19Mar2025 01:31:55.472] [Server thread/INFO] [net.minecraft.server.MinecraftServer/]: Jukusting joined the game
[19Mar2025 01:31:55.505] [Server thread/INFO] [xaero.pac.OpenPartiesAndClaims/]: Updating all forceload tickets for 2c865b14-cc57-3462-88a0-56205ddefec7
[19Mar2025 01:31:56.661] [Server thread/INFO] [voicechat/]: [voicechat] Received secret request of Jukusting (18)
[19Mar2025 01:31:56.661] [Server thread/INFO] [voicechat/]: [voicechat] Sent secret to Jukusting
[19Mar2025 01:31:59.313] [VoiceChatPacketProcessingThread/INFO] [voicechat/]: [voicechat] Successfully authenticated player 2c865b14-cc57-3462-88a0-56205ddefec7
[19Mar2025 01:32:00.337] [VoiceChatPacketProcessingThread/INFO] [voicechat/]: [voicechat] Successfully validated connection of player 2c865b14-cc57-3462-88a0-56205ddefec7
[19Mar2025 01:32:00.337] [VoiceChatPacketProcessingThread/INFO] [voicechat/]: [voicechat] Player Jukusting (2c865b14-cc57-3462-88a0-56205ddefec7) successfully connected to voice chat
[19Mar2025 01:32:17.272] [Server thread/WARN] [net.minecraft.server.MinecraftServer/]: Can't keep up! Is the server overloaded? Running 7683ms or 153 ticks behind
[19Mar2025 01:32:38.658] [Server thread/WARN] [net.minecraft.server.MinecraftServer/]: Can't keep up! Is the server overloaded? Running 6420ms or 128 ticks behind
[19Mar2025 01:33:00.016] [Server thread/WARN] [net.minecraft.server.MinecraftServer/]: Can't keep up! Is the server overloaded? Running 6378ms or 127 ticks behind
[19Mar2025 01:45:57.715] [VoiceChatPacketProcessingThread/INFO] [voicechat/]: [voicechat] Player 116e9c76-7157-3f7d-8106-557b209a5b07 timed out
[19Mar2025 01:45:57.715] [VoiceChatPacketProcessingThread/INFO] [voicechat/]: [voicechat] Reconnecting player PlagaXNZ
[19Mar2025 01:45:57.716] [VoiceChatPacketProcessingThread/INFO] [voicechat/]: [voicechat] Sent secret to PlagaXNZ
[19Mar2025 01:45:58.218] [VoiceChatPacketProcessingThread/INFO] [voicechat/]: [voicechat] Successfully authenticated player 116e9c76-7157-3f7d-8106-557b209a5b07
[19Mar2025 01:45:59.230] [VoiceChatPacketProcessingThread/INFO] [voicechat/]: [voicechat] Successfully validated connection of player 116e9c76-7157-3f7d-8106-557b209a5b07
[19Mar2025 01:45:59.231] [VoiceChatPacketProcessingThread/INFO] [voicechat/]: [voicechat] Player PlagaXNZ (116e9c76-7157-3f7d-8106-557b209a5b07) successfully connected to voice chat
[19Mar2025 01:48:35.048] [Server thread/WARN] [net.minecraft.server.MinecraftServer/]: Can't keep up! Is the server overloaded? Running 2010ms or 40 ticks behind
[19Mar2025 01:49:24.595] [Server thread/WARN] [net.minecraft.server.MinecraftServer/]: Can't keep up! Is the server overloaded? Running 2006ms or 40 ticks behind
[19Mar2025 01:49:44.238] [Server thread/WARN] [net.minecraft.server.MinecraftServer/]: Can't keep up! Is the server overloaded? Running 4649ms or 92 ticks behind
[19Mar2025 01:50:03.772] [Server thread/WARN] [net.minecraft.server.MinecraftServer/]: Can't keep up! Is the server overloaded? Running 4584ms or 91 ticks behind
[19Mar2025 01:52:17.240] [Server thread/INFO] [net.minecraft.server.MinecraftServer/]: Jukusting has made the advancement [Diamonds!]
[19Mar2025 01:53:59.990] [Server thread/WARN] [net.minecraft.server.MinecraftServer/]: Can't keep up! Is the server overloaded? Running 2002ms or 40 ticks behind
[19Mar2025 01:54:17.186] [Server thread/WARN] [net.minecraft.server.MinecraftServer/]: Can't keep up! Is the server overloaded? Running 2198ms or 43 ticks behind
[19Mar2025 01:55:15.747] [Server thread/WARN] [net.minecraft.server.MinecraftServer/]: Can't keep up! Is the server overloaded? Running 2008ms or 40 ticks behind
[19Mar2025 01:55:35.066] [Server thread/WARN] [net.minecraft.server.MinecraftServer/]: Can't keep up! Is the server overloaded? Running 4328ms or 86 ticks behind
[19Mar2025 01:55:52.907] [Server thread/WARN] [net.minecraft.server.MinecraftServer/]: Can't keep up! Is the server overloaded? Running 2868ms or 57 ticks behind
[19Mar2025 01:56:19.815] [Server thread/INFO] [net.minecraft.world.entity.npc.Villager/]: Villager VillagerEntityMCA['Gert'/86365, l='ServerLevel[world]', x=26.90, y=70.36, z=936.56] died, message: 'Gert was blown up by Creeper'
[19Mar2025 01:56:19.816] [Server thread/INFO] [net.minecraft.world.entity.LivingEntity/]: Named entity VillagerEntityMCA['Gert'/86365, l='ServerLevel[world]', x=26.90, y=70.36, z=936.56] died: Gert was blown up by Creeper
[19Mar2025 01:57:03.594] [Server thread/WARN] [net.minecraft.server.MinecraftServer/]: Can't keep up! Is the server overloaded? Running 2005ms or 40 ticks behind
[19Mar2025 01:59:23.646] [Server thread/WARN] [net.minecraft.server.MinecraftServer/]: Can't keep up! Is the server overloaded? Running 2007ms or 40 ticks behind
[19Mar2025 01:59:48.575] [Server thread/WARN] [net.minecraft.server.MinecraftServer/]: Can't keep up! Is the server overloaded? Running 9937ms or 198 ticks behind
[19Mar2025 02:00:14.340] [Server thread/WARN] [net.minecraft.server.MinecraftServer/]: Can't keep up! Is the server overloaded? Running 10802ms or 216 ticks behind
[19Mar2025 02:00:45.355] [Server thread/WARN] [net.minecraft.server.MinecraftServer/]: Can't keep up! Is the server overloaded? Running 16016ms or 320 ticks behind
[19Mar2025 02:01:04.752] [Server thread/INFO] [net.minecraft.server.network.ServerGamePacketListenerImpl/]: Jukusting lost connection: Disconnected
[19Mar2025 02:01:04.753] [Server thread/INFO] [net.minecraft.server.MinecraftServer/]: Jukusting left the game
[19Mar2025 02:01:04.753] [Server thread/INFO] [xaero.pac.OpenPartiesAndClaims/]: Updating all forceload tickets for 2c865b14-cc57-3462-88a0-56205ddefec7
[19Mar2025 02:01:04.753] [Server thread/INFO] [voicechat/]: [voicechat] Disconnecting client Jukusting
[19Mar2025 02:01:08.688] [Server thread/WARN] [net.minecraft.server.MinecraftServer/]: Can't keep up! Is the server overloaded? Running 8350ms or 167 ticks behind
[19Mar2025 02:01:11.775] [Server thread/INFO] [net.minecraft.server.players.PlayerList/]: Jukusting[/127.113.44.68:48737] logged in with entity id 93663 at (390.4576017441431, -13.0, 540.4576128515426)
[19Mar2025 02:01:11.781] [Server thread/INFO] [net.minecraft.server.MinecraftServer/]: Jukusting joined the game
[19Mar2025 02:01:11.787] [Server thread/INFO] [xaero.pac.OpenPartiesAndClaims/]: Updating all forceload tickets for 2c865b14-cc57-3462-88a0-56205ddefec7
[19Mar2025 02:01:12.677] [Server thread/INFO] [voicechat/]: [voicechat] Received secret request of Jukusting (18)
[19Mar2025 02:01:12.678] [Server thread/INFO] [voicechat/]: [voicechat] Sent secret to Jukusting
[19Mar2025 02:01:14.674] [VoiceChatPacketProcessingThread/INFO] [voicechat/]: [voicechat] Successfully authenticated player 2c865b14-cc57-3462-88a0-56205ddefec7
[19Mar2025 02:01:15.674] [VoiceChatPacketProcessingThread/INFO] [voicechat/]: [voicechat] Successfully validated connection of player 2c865b14-cc57-3462-88a0-56205ddefec7
[19Mar2025 02:01:15.674] [VoiceChatPacketProcessingThread/INFO] [voicechat/]: [voicechat] Player Jukusting (2c865b14-cc57-3462-88a0-56205ddefec7) successfully connected to voice chat
[19Mar2025 02:01:27.890] [Server thread/WARN] [net.minecraft.server.MinecraftServer/]: Can't keep up! Is the server overloaded? Running 4202ms or 84 ticks behind
[19Mar2025 02:01:53.043] [Server thread/WARN] [net.minecraft.server.MinecraftServer/]: Can't keep up! Is the server overloaded? Running 2004ms or 40 ticks behind
[19Mar2025 02:02:13.390] [Server thread/WARN] [net.minecraft.server.MinecraftServer/]: Can't keep up! Is the server overloaded? Running 5352ms or 107 ticks behind
[19Mar2025 02:04:28.698] [Server thread/INFO] [net.minecraft.server.MinecraftServer/]: Jukusting has made the advancement [Hot Stuff]
[19Mar2025 02:04:52.971] [Server thread/INFO] [net.minecraft.server.MinecraftServer/]: Jukusting has made the advancement [Ice Bucket Challenge]
[19Mar2025 02:10:44.551] [Server thread/WARN] [net.minecraft.world.level.entity.PersistentEntitySectionManager/]: UUID of added entity already exists: FallingBlockEntity['Falling Pointed Dripstone'/98738, l='ServerLevel[world]', x=427.50, y=36.00, z=609.50]
[19Mar2025 02:10:44.552] [Server thread/WARN] [net.minecraft.world.level.entity.PersistentEntitySectionManager/]: UUID of added entity already exists: FallingBlockEntity['Falling Pointed Dripstone'/98739, l='ServerLevel[world]', x=428.50, y=36.00, z=609.50]
[19Mar2025 02:10:44.552] [Server thread/WARN] [net.minecraft.world.level.entity.PersistentEntitySectionManager/]: UUID of added entity already exists: FallingBlockEntity['Falling Pointed Dripstone'/98740, l='ServerLevel[world]', x=426.50, y=37.00, z=610.50]
[19Mar2025 02:10:44.552] [Server thread/WARN] [net.minecraft.world.level.entity.PersistentEntitySectionManager/]: UUID of added entity already exists: FallingBlockEntity['Falling Pointed Dripstone'/98741, l='ServerLevel[world]', x=425.50, y=39.00, z=611.50]
[19Mar2025 02:15:49.971] [Server thread/INFO] [net.minecraft.server.MinecraftServer/]: PlagaXNZ has made the advancement [The Parrots and the Bats]
[19Mar2025 02:20:23.396] [Server thread/WARN] [net.minecraft.server.MinecraftServer/]: Can't keep up! Is the server overloaded? Running 2008ms or 40 ticks behind
[19Mar2025 02:20:42.524] [Server thread/WARN] [net.minecraft.server.MinecraftServer/]: Can't keep up! Is the server overloaded? Running 4135ms or 82 ticks behind
[19Mar2025 02:24:27.753] [Server thread/INFO] [net.minecraft.server.MinecraftServer/]: [PlagaXNZ: Teleported Jukusting to PlagaXNZ]
[19Mar2025 02:28:44.868] [Server thread/INFO] [net.minecraft.server.MinecraftServer/]: PlagaXNZ has made the advancement [Those Were the Days]
[19Mar2025 02:28:45.367] [Server thread/WARN] [net.minecraft.server.level.ServerLevel/]: Tried to add entity shy_guy:shy_guy but it was marked as removed already
[19Mar2025 02:28:45.399] [Server thread/WARN] [net.minecraft.server.level.ServerLevel/]: Tried to add entity shy_guy:shy_guy but it was marked as removed already
[19Mar2025 02:28:46.088] [Server thread/WARN] [net.minecraft.server.level.ServerLevel/]: Tried to add entity shy_guy:shy_guy but it was marked as removed already
[19Mar2025 02:28:46.124] [Server thread/WARN] [net.minecraft.server.level.ServerLevel/]: Tried to add entity shy_guy:shy_guy but it was marked as removed already
[19Mar2025 02:28:46.520] [Server thread/WARN] [net.minecraft.server.level.ServerLevel/]: Tried to add entity shy_guy:shy_guy but it was marked as removed already
[19Mar2025 02:28:46.733] [Server thread/WARN] [net.minecraft.server.level.ServerLevel/]: Tried to add entity shy_guy:shy_guy but it was marked as removed already
[19Mar2025 02:29:34.613] [Server thread/WARN] [net.minecraft.server.level.ServerLevel/]: Tried to add entity shy_guy:shy_guy but it was marked as removed already
[19Mar2025 02:29:36.310] [Server thread/WARN] [net.minecraft.server.level.ServerLevel/]: Tried to add entity shy_guy:shy_guy but it was marked as removed already
[19Mar2025 02:29:52.116] [Server thread/WARN] [net.minecraft.server.level.ServerLevel/]: Tried to add entity shy_guy:shy_guy but it was marked as removed already
[19Mar2025 02:29:57.503] [VoiceChatPacketProcessingThread/INFO] [voicechat/]: [voicechat] Player 2c865b14-cc57-3462-88a0-56205ddefec7 timed out
[19Mar2025 02:29:57.503] [VoiceChatPacketProcessingThread/INFO] [voicechat/]: [voicechat] Reconnecting player Jukusting
[19Mar2025 02:29:57.504] [VoiceChatPacketProcessingThread/INFO] [voicechat/]: [voicechat] Sent secret to Jukusting
[19Mar2025 02:29:58.094] [VoiceChatPacketProcessingThread/INFO] [voicechat/]: [voicechat] Successfully authenticated player 2c865b14-cc57-3462-88a0-56205ddefec7
[19Mar2025 02:29:59.094] [VoiceChatPacketProcessingThread/INFO] [voicechat/]: [voicechat] Successfully validated connection of player 2c865b14-cc57-3462-88a0-56205ddefec7
[19Mar2025 02:29:59.095] [VoiceChatPacketProcessingThread/INFO] [voicechat/]: [voicechat] Player Jukusting (2c865b14-cc57-3462-88a0-56205ddefec7) successfully connected to voice chat
[19Mar2025 02:30:09.929] [Server thread/INFO] [net.minecraft.server.MinecraftServer/]: [Not Secure] <PlagaXNZ> 507 283 fortaleza
[19Mar2025 02:31:55.008] [Server thread/INFO] [net.minecraft.server.MinecraftServer/]: PlagaXNZ has made the advancement [Enchanter]
[19Mar2025 02:32:55.615] [Server thread/INFO] [net.minecraft.server.MinecraftServer/]: Jukusting has made the advancement [Enchanter]
[19Mar2025 02:33:08.865] [Server thread/WARN] [net.minecraft.server.level.ServerLevel/]: Tried to add entity shy_guy:shy_guy but it was marked as removed already
[19Mar2025 02:33:09.015] [Server thread/WARN] [net.minecraft.server.level.ServerLevel/]: Tried to add entity shy_guy:shy_guy but it was marked as removed already
[19Mar2025 02:33:09.213] [Server thread/WARN] [net.minecraft.server.level.ServerLevel/]: Tried to add entity shy_guy:shy_guy but it was marked as removed already
[19Mar2025 02:33:09.419] [Server thread/WARN] [net.minecraft.server.level.ServerLevel/]: Tried to add entity shy_guy:shy_guy but it was marked as removed already
[19Mar2025 02:33:51.412] [Server thread/WARN] [net.minecraft.server.level.ServerLevel/]: Tried to add entity shy_guy:shy_guy but it was marked as removed already
[19Mar2025 02:33:51.965] [Server thread/WARN] [net.minecraft.server.level.ServerLevel/]: Tried to add entity shy_guy:shy_guy but it was marked as removed already
[19Mar2025 02:33:51.965] [Server thread/WARN] [net.minecraft.server.level.ServerLevel/]: Tried to add entity shy_guy:shy_guy but it was marked as removed already
[19Mar2025 02:34:16.759] [Server thread/WARN] [net.minecraft.server.level.ServerLevel/]: Tried to add entity shy_guy:shy_guy but it was marked as removed already
[19Mar2025 02:34:28.166] [Server thread/INFO] [net.minecraft.server.network.ServerGamePacketListenerImpl/]: Jukusting lost connection: Disconnected
[19Mar2025 02:34:28.166] [Server thread/INFO] [net.minecraft.server.MinecraftServer/]: Jukusting left the game
[19Mar2025 02:34:28.167] [Server thread/INFO] [xaero.pac.OpenPartiesAndClaims/]: Updating all forceload tickets for 2c865b14-cc57-3462-88a0-56205ddefec7
[19Mar2025 02:34:28.167] [Server thread/INFO] [voicechat/]: [voicechat] Disconnecting client Jukusting
[19Mar2025 02:34:28.790] [Server thread/WARN] [net.minecraft.server.level.ServerLevel/]: Tried to add entity shy_guy:shy_guy but it was marked as removed already
[19Mar2025 02:34:38.047] [Server thread/WARN] [net.minecraft.server.level.ServerLevel/]: Tried to add entity shy_guy:shy_guy but it was marked as removed already
[19Mar2025 02:34:39.961] [Server thread/INFO] [net.minecraft.server.players.PlayerList/]: Jukusting[/127.113.44.68:52191] logged in with entity id 107424 at (20.326591095068274, 69.0, 952.0135319063506)
[19Mar2025 02:34:39.967] [Server thread/INFO] [net.minecraft.server.MinecraftServer/]: Jukusting joined the game
[19Mar2025 02:34:39.969] [Server thread/INFO] [xaero.pac.OpenPartiesAndClaims/]: Updating all forceload tickets for 2c865b14-cc57-3462-88a0-56205ddefec7
[19Mar2025 02:34:40.773] [Server thread/INFO] [voicechat/]: [voicechat] Received secret request of Jukusting (18)
[19Mar2025 02:34:40.774] [Server thread/INFO] [voicechat/]: [voicechat] Sent secret to Jukusting
[19Mar2025 02:34:42.378] [VoiceChatPacketProcessingThread/INFO] [voicechat/]: [voicechat] Successfully authenticated player 2c865b14-cc57-3462-88a0-56205ddefec7
[19Mar2025 02:34:43.389] [VoiceChatPacketProcessingThread/INFO] [voicechat/]: [voicechat] Successfully validated connection of player 2c865b14-cc57-3462-88a0-56205ddefec7
[19Mar2025 02:34:43.389] [VoiceChatPacketProcessingThread/INFO] [voicechat/]: [voicechat] Player Jukusting (2c865b14-cc57-3462-88a0-56205ddefec7) successfully connected to voice chat
[19Mar2025 02:34:55.952] [Server thread/INFO] [net.minecraft.server.MinecraftServer/]: Jukusting has made the advancement [Those Were the Days]
[19Mar2025 02:34:59.544] [Server thread/WARN] [net.minecraft.server.level.ServerLevel/]: Tried to add entity shy_guy:shy_guy but it was marked as removed already
[19Mar2025 02:34:59.593] [Server thread/WARN] [net.minecraft.server.level.ServerLevel/]: Tried to add entity shy_guy:shy_guy but it was marked as removed already
[19Mar2025 02:35:10.691] [Server thread/WARN] [net.minecraft.server.level.ServerLevel/]: Tried to add entity shy_guy:shy_guy but it was marked as removed already
[19Mar2025 02:35:16.941] [Server thread/WARN] [net.minecraft.server.level.ServerLevel/]: Tried to add entity shy_guy:shy_guy but it was marked as removed already
[19Mar2025 02:35:18.591] [Server thread/WARN] [net.minecraft.server.level.ServerLevel/]: Tried to add entity shy_guy:shy_guy but it was marked as removed already
[19Mar2025 02:35:26.542] [Server thread/WARN] [net.minecraft.server.level.ServerLevel/]: Tried to add entity shy_guy:shy_guy but it was marked as removed already
[19Mar2025 02:35:26.941] [Server thread/WARN] [net.minecraft.server.level.ServerLevel/]: Tried to add entity shy_guy:shy_guy but it was marked as removed already
[19Mar2025 02:35:33.011] [Server thread/INFO] [net.minecraft.server.MinecraftServer/]: PlagaXNZ has made the advancement [War Pigs]
[19Mar2025 02:35:35.440] [Server thread/WARN] [net.minecraft.server.level.ServerLevel/]: Tried to add entity shy_guy:shy_guy but it was marked as removed already
[19Mar2025 02:35:35.491] [Server thread/WARN] [net.minecraft.server.level.ServerLevel/]: Tried to add entity shy_guy:shy_guy but it was marked as removed already
[19Mar2025 02:35:37.147] [Server thread/INFO] [net.minecraft.server.MinecraftServer/]: Jukusting has made the advancement [War Pigs]
[19Mar2025 02:35:55.541] [Server thread/WARN] [net.minecraft.server.level.ServerLevel/]: Tried to add entity shy_guy:shy_guy but it was marked as removed already
[19Mar2025 02:35:55.542] [Server thread/WARN] [net.minecraft.server.level.ServerLevel/]: Tried to add entity shy_guy:shy_guy but it was marked as removed already
[19Mar2025 02:36:04.941] [Server thread/WARN] [net.minecraft.server.level.ServerLevel/]: Tried to add entity shy_guy:shy_guy but it was marked as removed already
[19Mar2025 02:36:05.039] [Server thread/WARN] [net.minecraft.server.level.ServerLevel/]: Tried to add entity shy_guy:shy_guy but it was marked as removed already
[19Mar2025 02:36:16.240] [Server thread/WARN] [net.minecraft.server.level.ServerLevel/]: Tried to add entity shy_guy:shy_guy but it was marked as removed already
[19Mar2025 02:36:22.167] [Server thread/INFO] [net.minecraft.server.MinecraftServer/]: PlagaXNZ has made the advancement [Ol' Betsy]
[19Mar2025 02:36:32.841] [Server thread/WARN] [net.minecraft.server.level.ServerLevel/]: Tried to add entity shy_guy:shy_guy but it was marked as removed already
[19Mar2025 02:36:32.993] [Server thread/WARN] [net.minecraft.server.level.ServerLevel/]: Tried to add entity shy_guy:shy_guy but it was marked as removed already
[19Mar2025 02:36:46.842] [Server thread/WARN] [net.minecraft.server.level.ServerLevel/]: Tried to add entity shy_guy:shy_guy but it was marked as removed already
[19Mar2025 02:37:29.092] [Server thread/WARN] [net.minecraft.server.level.ServerLevel/]: Tried to add entity shy_guy:shy_guy but it was marked as removed already
[19Mar2025 02:37:41.842] [Server thread/WARN] [net.minecraft.server.level.ServerLevel/]: Tried to add entity shy_guy:shy_guy but it was marked as removed already
[19Mar2025 02:37:46.993] [Server thread/WARN] [net.minecraft.server.level.ServerLevel/]: Tried to add entity shy_guy:shy_guy but it was marked as removed already
[19Mar2025 02:37:49.991] [Server thread/WARN] [net.minecraft.server.level.ServerLevel/]: Tried to add entity shy_guy:shy_guy but it was marked as removed already
[19Mar2025 02:38:07.495] [Server thread/WARN] [net.minecraft.server.level.ServerLevel/]: Tried to add entity shy_guy:shy_guy but it was marked as removed already
[19Mar2025 02:38:17.791] [Server thread/WARN] [net.minecraft.server.level.ServerLevel/]: Tried to add entity shy_guy:shy_guy but it was marked as removed already
[19Mar2025 02:38:50.892] [Server thread/WARN] [net.minecraft.server.level.ServerLevel/]: Tried to add entity shy_guy:shy_guy but it was marked as removed already
[19Mar2025 02:39:00.144] [Server thread/WARN] [net.minecraft.server.level.ServerLevel/]: Tried to add entity shy_guy:shy_guy but it was marked as removed already
[19Mar2025 02:39:02.790] [Server thread/WARN] [net.minecraft.server.level.ServerLevel/]: Tried to add entity shy_guy:shy_guy but it was marked as removed already
[19Mar2025 02:39:09.044] [Server thread/WARN] [net.minecraft.server.level.ServerLevel/]: Tried to add entity shy_guy:shy_guy but it was marked as removed already
[19Mar2025 02:39:09.090] [Server thread/WARN] [net.minecraft.server.level.ServerLevel/]: Tried to add entity shy_guy:shy_guy but it was marked as removed already
[19Mar2025 02:39:09.491] [Server thread/WARN] [net.minecraft.server.level.ServerLevel/]: Tried to add entity shy_guy:shy_guy but it was marked as removed already
[19Mar2025 02:39:09.691] [Server thread/WARN] [net.minecraft.server.level.ServerLevel/]: Tried to add entity shy_guy:shy_guy but it was marked as removed already
[19Mar2025 02:39:20.747] [Server thread/WARN] [net.minecraft.server.level.ServerLevel/]: Tried to add entity shy_guy:shy_guy but it was marked as removed already
[19Mar2025 02:39:20.890] [Server thread/WARN] [net.minecraft.server.level.ServerLevel/]: Tried to add entity shy_guy:shy_guy but it was marked as removed already
[19Mar2025 02:39:22.044] [Server thread/WARN] [net.minecraft.server.level.ServerLevel/]: Tried to add entity shy_guy:shy_guy but it was marked as removed already
[19Mar2025 02:39:29.041] [Server thread/WARN] [net.minecraft.server.level.ServerLevel/]: Tried to add entity shy_guy:shy_guy but it was marked as removed already
[19Mar2025 02:39:55.850] [Server thread/INFO] [net.minecraft.server.MinecraftServer/]: [PlagaXNZ: Teleported PlagaXNZ to Jukusting]
[19Mar2025 02:39:56.041] [Server thread/WARN] [net.minecraft.server.level.ServerLevel/]: Tried to add entity shy_guy:shy_guy but it was marked as removed already
[19Mar2025 02:39:56.093] [Server thread/WARN] [net.minecraft.server.level.ServerLevel/]: Tried to add entity shy_guy:shy_guy but it was marked as removed already
[19Mar2025 02:39:56.094] [Server thread/WARN] [net.minecraft.server.level.ServerLevel/]: Tried to add entity shy_guy:shy_guy but it was marked as removed already
[19Mar2025 02:40:08.739] [Server thread/WARN] [net.minecraft.server.level.ServerLevel/]: Tried to add entity shy_guy:shy_guy but it was marked as removed already
[19Mar2025 02:40:08.840] [Server thread/WARN] [net.minecraft.server.level.ServerLevel/]: Tried to add entity shy_guy:shy_guy but it was marked as removed already
[19Mar2025 02:40:09.295] [Server thread/WARN] [net.minecraft.server.level.ServerLevel/]: Tried to add entity shy_guy:shy_guy but it was marked as removed already
[19Mar2025 02:40:30.641] [Server thread/WARN] [net.minecraft.server.level.ServerLevel/]: Tried to add entity shy_guy:shy_guy but it was marked as removed already
[19Mar2025 02:40:30.791] [Server thread/WARN] [net.minecraft.server.level.ServerLevel/]: Tried to add entity shy_guy:shy_guy but it was marked as removed already
[19Mar2025 02:40:30.841] [Server thread/WARN] [net.minecraft.server.level.ServerLevel/]: Tried to add entity shy_guy:shy_guy but it was marked as removed already
[19Mar2025 02:41:20.992] [Server thread/WARN] [net.minecraft.server.level.ServerLevel/]: Tried to add entity shy_guy:shy_guy but it was marked as removed already
[19Mar2025 02:41:34.292] [Server thread/WARN] [net.minecraft.server.level.ServerLevel/]: Tried to add entity shy_guy:shy_guy but it was marked as removed already
[19Mar2025 02:41:39.391] [Server thread/WARN] [net.minecraft.server.level.ServerLevel/]: Tried to add entity shy_guy:shy_guy but it was marked as removed already
[19Mar2025 02:41:39.391] [Server thread/WARN] [net.minecraft.server.level.ServerLevel/]: Tried to add entity shy_guy:shy_guy but it was marked as removed already
[19Mar2025 02:41:41.990] [Server thread/WARN] [net.minecraft.server.level.ServerLevel/]: Tried to add entity shy_guy:shy_guy but it was marked as removed already
[19Mar2025 02:41:46.540] [Server thread/WARN] [net.minecraft.server.level.ServerLevel/]: Tried to add entity shy_guy:shy_guy but it was marked as removed already
[19Mar2025 02:41:46.940] [Server thread/WARN] [net.minecraft.server.level.ServerLevel/]: Tried to add entity shy_guy:shy_guy but it was marked as removed already
[19Mar2025 02:41:48.943] [Server thread/WARN] [net.minecraft.server.level.ServerLevel/]: Tried to add entity shy_guy:shy_guy but it was marked as removed already
[19Mar2025 02:41:49.240] [Server thread/WARN] [net.minecraft.server.level.ServerLevel/]: Tried to add entity shy_guy:shy_guy but it was marked as removed already
[19Mar2025 02:42:35.193] [Server thread/WARN] [net.minecraft.server.level.ServerLevel/]: Tried to add entity shy_guy:shy_guy but it was marked as removed already
[19Mar2025 02:42:39.342] [Server thread/WARN] [net.minecraft.server.level.ServerLevel/]: Tried to add entity shy_guy:shy_guy but it was marked as removed already
[19Mar2025 02:42:57.595] [Server thread/WARN] [net.minecraft.server.level.ServerLevel/]: Tried to add entity shy_guy:shy_guy but it was marked as removed already
[19Mar2025 02:42:59.690] [Server thread/WARN] [net.minecraft.server.level.ServerLevel/]: Tried to add entity shy_guy:shy_guy but it was marked as removed already
[19Mar2025 02:43:11.143] [Server thread/WARN] [net.minecraft.server.level.ServerLevel/]: Tried to add entity shy_guy:shy_guy but it was marked as removed already
[19Mar2025 02:43:25.442] [Server thread/WARN] [net.minecraft.server.level.ServerLevel/]: Tried to add entity shy_guy:shy_guy but it was marked as removed already
[19Mar2025 02:43:25.643] [Server thread/WARN] [net.minecraft.server.level.ServerLevel/]: Tried to add entity shy_guy:shy_guy but it was marked as removed already
[19Mar2025 02:43:25.840] [Server thread/WARN] [net.minecraft.server.level.ServerLevel/]: Tried to add entity shy_guy:shy_guy but it was marked as removed already
[19Mar2025 02:43:34.891] [Server thread/WARN] [net.minecraft.server.level.ServerLevel/]: Tried to add entity shy_guy:shy_guy but it was marked as removed already
[19Mar2025 02:43:35.444] [Server thread/WARN] [net.minecraft.server.level.ServerLevel/]: Tried to add entity shy_guy:shy_guy but it was marked as removed already
[19Mar2025 02:43:40.640] [Server thread/WARN] [net.minecraft.server.level.ServerLevel/]: Tried to add entity shy_guy:shy_guy but it was marked as removed already
[19Mar2025 02:43:42.492] [Server thread/WARN] [net.minecraft.server.level.ServerLevel/]: Tried to add entity shy_guy:shy_guy but it was marked as removed already
[19Mar2025 02:43:56.738] [Server thread/INFO] [net.minecraft.server.MinecraftServer/]: [PlagaXNZ: Teleported Jukusting to PlagaXNZ]
[19Mar2025 02:43:56.839] [Server thread/WARN] [net.minecraft.server.level.ServerLevel/]: Tried to add entity shy_guy:shy_guy but it was marked as removed already
[19Mar2025 02:44:05.740] [Server thread/WARN] [net.minecraft.server.level.ServerLevel/]: Tried to add entity shy_guy:shy_guy but it was marked as removed already
[19Mar2025 02:44:05.742] [Server thread/WARN] [net.minecraft.server.level.ServerLevel/]: Tried to add entity shy_guy:shy_guy but it was marked as removed already
[19Mar2025 02:44:09.540] [Server thread/WARN] [net.minecraft.server.level.ServerLevel/]: Tried to add entity shy_guy:shy_guy but it was marked as removed already
[19Mar2025 02:44:14.891] [Server thread/WARN] [net.minecraft.server.level.ServerLevel/]: Tried to add entity shy_guy:shy_guy but it was marked as removed already
[19Mar2025 02:44:14.942] [Server thread/WARN] [net.minecraft.server.level.ServerLevel/]: Tried to add entity shy_guy:shy_guy but it was marked as removed already
[19Mar2025 02:44:14.991] [Server thread/WARN] [net.minecraft.server.level.ServerLevel/]: Tried to add entity shy_guy:shy_guy but it was marked as removed already
[19Mar2025 02:44:22.297] [Server thread/WARN] [net.minecraft.server.level.ServerLevel/]: Tried to add entity shy_guy:shy_guy but it was marked as removed already
[19Mar2025 02:44:24.691] [Server thread/WARN] [net.minecraft.server.level.ServerLevel/]: Tried to add entity shy_guy:shy_guy but it was marked as removed already
[19Mar2025 02:44:27.041] [Server thread/WARN] [net.minecraft.server.level.ServerLevel/]: Tried to add entity shy_guy:shy_guy but it was marked as removed already
[19Mar2025 02:44:28.548] [Server thread/ERROR] [net.minecraft.Util/]: Invalid entity rotation: NaN, discarding.
[19Mar2025 02:44:37.342] [Server thread/WARN] [net.minecraft.server.level.ServerLevel/]: Tried to add entity shy_guy:shy_guy but it was marked as removed already
[19Mar2025 02:44:50.889] [Server thread/WARN] [net.minecraft.server.level.ServerLevel/]: Tried to add entity shy_guy:shy_guy but it was marked as removed already
[19Mar2025 02:44:59.492] [Server thread/WARN] [net.minecraft.server.level.ServerLevel/]: Tried to add entity shy_guy:shy_guy but it was marked as removed already
[19Mar2025 02:45:00.544] [Server thread/WARN] [net.minecraft.server.level.ServerLevel/]: Tried to add entity shy_guy:shy_guy but it was marked as removed already
[19Mar2025 02:45:00.641] [Server thread/WARN] [net.minecraft.server.level.ServerLevel/]: Tried to add entity shy_guy:shy_guy but it was marked as removed already
[19Mar2025 02:45:16.392] [Server thread/WARN] [net.minecraft.server.level.ServerLevel/]: Tried to add entity shy_guy:shy_guy but it was marked as removed already
[19Mar2025 02:45:20.141] [Server thread/WARN] [net.minecraft.server.level.ServerLevel/]: Tried to add entity shy_guy:shy_guy but it was marked as removed already
[19Mar2025 02:45:20.193] [Server thread/WARN] [net.minecraft.server.level.ServerLevel/]: Tried to add entity shy_guy:shy_guy but it was marked as removed already
[19Mar2025 02:45:20.642] [Server thread/WARN] [net.minecraft.server.level.ServerLevel/]: Tried to add entity shy_guy:shy_guy but it was marked as removed already
[19Mar2025 02:45:20.690] [Server thread/WARN] [net.minecraft.server.level.ServerLevel/]: Tried to add entity shy_guy:shy_guy but it was marked as removed already
[19Mar2025 02:45:29.542] [Server thread/WARN] [net.minecraft.server.level.ServerLevel/]: Tried to add entity shy_guy:shy_guy but it was marked as removed already
[19Mar2025 02:45:43.543] [Server thread/WARN] [net.minecraft.server.level.ServerLevel/]: Tried to add entity shy_guy:shy_guy but it was marked as removed already
[19Mar2025 02:45:44.292] [Server thread/WARN] [net.minecraft.server.level.ServerLevel/]: Tried to add entity shy_guy:shy_guy but it was marked as removed already
[19Mar2025 02:45:46.591] [Server thread/WARN] [net.minecraft.server.level.ServerLevel/]: Tried to add entity shy_guy:shy_guy but it was marked as removed already
[19Mar2025 02:46:06.691] [Server thread/WARN] [net.minecraft.server.level.ServerLevel/]: Tried to add entity shy_guy:shy_guy but it was marked as removed already
[19Mar2025 02:46:07.339] [Server thread/WARN] [net.minecraft.server.level.ServerLevel/]: Tried to add entity shy_guy:shy_guy but it was marked as removed already
[19Mar2025 02:46:07.642] [Server thread/WARN] [net.minecraft.server.level.ServerLevel/]: Tried to add entity shy_guy:shy_guy but it was marked as removed already
[19Mar2025 02:46:18.992] [Server thread/WARN] [net.minecraft.server.level.ServerLevel/]: Tried to add entity shy_guy:shy_guy but it was marked as removed already
[19Mar2025 02:46:28.044] [Server thread/WARN] [net.minecraft.server.level.ServerLevel/]: Tried to add entity shy_guy:shy_guy but it was marked as removed already
[19Mar2025 02:46:28.241] [Server thread/WARN] [net.minecraft.server.level.ServerLevel/]: Tried to add entity shy_guy:shy_guy but it was marked as removed already
[19Mar2025 02:46:33.941] [Server thread/WARN] [net.minecraft.server.level.ServerLevel/]: Tried to add entity shy_guy:shy_guy but it was marked as removed already
[19Mar2025 02:46:50.592] [Server thread/WARN] [net.minecraft.server.level.ServerLevel/]: Tried to add entity shy_guy:shy_guy but it was marked as removed already
[19Mar2025 02:46:51.041] [Server thread/WARN] [net.minecraft.server.level.ServerLevel/]: Tried to add entity shy_guy:shy_guy but it was marked as removed already
[19Mar2025 02:46:54.839] [Server thread/WARN] [net.minecraft.server.level.ServerLevel/]: Tried to add entity shy_guy:shy_guy but it was marked as removed already
[19Mar2025 02:47:06.641] [Server thread/WARN] [net.minecraft.server.level.ServerLevel/]: Tried to add entity shy_guy:shy_guy but it was marked as removed already
[19Mar2025 02:47:11.791] [Server thread/WARN] [net.minecraft.server.level.ServerLevel/]: Tried to add entity shy_guy:shy_guy but it was marked as removed already
[19Mar2025 02:47:14.042] [Server thread/WARN] [net.minecraft.server.level.ServerLevel/]: Tried to add entity shy_guy:shy_guy but it was marked as removed already
[19Mar2025 02:47:19.892] [Server thread/WARN] [net.minecraft.server.level.ServerLevel/]: Tried to add entity shy_guy:shy_guy but it was marked as removed already
[19Mar2025 02:47:23.744] [Server thread/WARN] [net.minecraft.server.level.ServerLevel/]: Tried to add entity shy_guy:shy_guy but it was marked as removed already
[19Mar2025 02:47:23.793] [Server thread/WARN] [net.minecraft.server.level.ServerLevel/]: Tried to add entity shy_guy:shy_guy but it was marked as removed already
[19Mar2025 02:47:40.343] [Server thread/WARN] [net.minecraft.server.level.ServerLevel/]: Tried to add entity shy_guy:shy_guy but it was marked as removed already
[19Mar2025 02:47:45.091] [Server thread/WARN] [net.minecraft.server.level.ServerLevel/]: Tried to add entity shy_guy:shy_guy but it was marked as removed already
[19Mar2025 02:47:45.142] [Server thread/WARN] [net.minecraft.server.level.ServerLevel/]: Tried to add entity shy_guy:shy_guy but it was marked as removed already
[19Mar2025 02:47:45.142] [Server thread/WARN] [net.minecraft.server.level.ServerLevel/]: Tried to add entity shy_guy:shy_guy but it was marked as removed already
[19Mar2025 02:47:45.241] [Server thread/WARN] [net.minecraft.server.level.ServerLevel/]: Tried to add entity shy_guy:shy_guy but it was marked as removed already
[19Mar2025 02:48:02.241] [Server thread/WARN] [net.minecraft.server.level.ServerLevel/]: Tried to add entity shy_guy:shy_guy but it was marked as removed already
[19Mar2025 02:48:13.064] [Worker-Main-51/WARN] [ModernFix/]: Skipped emitting ENTITY_MOUNT game event for entity Strider['Strider'/109922, l='ServerLevel[world]', x=419.00, y=31.00, z=-19.00] as it would cause deadlock
[19Mar2025 02:48:23.042] [Server thread/WARN] [net.minecraft.server.level.ServerLevel/]: Tried to add entity shy_guy:shy_guy but it was marked as removed already
[19Mar2025 02:48:29.135] [Worker-Main-40/WARN] [ModernFix/]: Skipped emitting ENTITY_MOUNT game event for entity Strider['Strider'/109962, l='ServerLevel[world]', x=434.00, y=31.00, z=154.00] as it would cause deadlock
[19Mar2025 02:48:36.290] [Server thread/WARN] [net.minecraft.server.level.ServerLevel/]: Tried to add entity shy_guy:shy_guy but it was marked as removed already
[19Mar2025 02:48:59.341] [Server thread/WARN] [net.minecraft.server.level.ServerLevel/]: Tried to add entity shy_guy:shy_guy but it was marked as removed already
[19Mar2025 02:48:59.641] [Server thread/WARN] [net.minecraft.server.level.ServerLevel/]: Tried to add entity shy_guy:shy_guy but it was marked as removed already
[19Mar2025 02:49:05.440] [Server thread/WARN] [net.minecraft.server.level.ServerLevel/]: Tried to add entity shy_guy:shy_guy but it was marked as removed already
[19Mar2025 02:49:17.390] [Server thread/WARN] [net.minecraft.server.level.ServerLevel/]: Tried to add entity shy_guy:shy_guy but it was marked as removed already
[19Mar2025 02:49:44.742] [Server thread/WARN] [net.minecraft.server.level.ServerLevel/]: Tried to add entity shy_guy:shy_guy but it was marked as removed already
[19Mar2025 02:49:49.841] [Server thread/WARN] [net.minecraft.server.level.ServerLevel/]: Tried to add entity shy_guy:shy_guy but it was marked as removed already
[19Mar2025 02:49:53.989] [Server thread/WARN] [net.minecraft.server.level.ServerLevel/]: Tried to add entity shy_guy:shy_guy but it was marked as removed already
[19Mar2025 02:49:53.990] [Server thread/WARN] [net.minecraft.server.level.ServerLevel/]: Tried to add entity shy_guy:shy_guy but it was marked as removed already
[19Mar2025 02:49:59.640] [Server thread/WARN] [net.minecraft.server.level.ServerLevel/]: Tried to add entity shy_guy:shy_guy but it was marked as removed already
[19Mar2025 02:50:01.741] [Server thread/WARN] [net.minecraft.server.level.ServerLevel/]: Tried to add entity shy_guy:shy_guy but it was marked as removed already
[19Mar2025 02:50:13.891] [Server thread/WARN] [net.minecraft.server.level.ServerLevel/]: Tried to add entity shy_guy:shy_guy but it was marked as removed already
[19Mar2025 02:50:53.442] [Server thread/WARN] [net.minecraft.server.level.ServerLevel/]: Tried to add entity shy_guy:shy_guy but it was marked as removed already
[19Mar2025 02:51:00.341] [Server thread/WARN] [net.minecraft.server.level.ServerLevel/]: Tried to add entity shy_guy:shy_guy but it was marked as removed already
[19Mar2025 02:51:52.890] [Server thread/WARN] [net.minecraft.server.level.ServerLevel/]: Tried to add entity shy_guy:shy_guy but it was marked as removed already
[19Mar2025 02:52:11.190] [Server thread/WARN] [net.minecraft.server.level.ServerLevel/]: Tried to add entity shy_guy:shy_guy but it was marked as removed already
[19Mar2025 02:52:11.242] [Server thread/WARN] [net.minecraft.server.level.ServerLevel/]: Tried to add entity shy_guy:shy_guy but it was marked as removed already
[19Mar2025 02:52:11.242] [Server thread/WARN] [net.minecraft.server.level.ServerLevel/]: Tried to add entity shy_guy:shy_guy but it was marked as removed already
[19Mar2025 02:52:15.498] [Worker-Main-40/WARN] [ModernFix/]: Skipped emitting ENTITY_MOUNT game event for entity Strider['Strider'/110731, l='ServerLevel[world]', x=588.00, y=31.00, z=-123.00] as it would cause deadlock
[19Mar2025 02:52:17.340] [Server thread/WARN] [net.minecraft.server.level.ServerLevel/]: Tried to add entity shy_guy:shy_guy but it was marked as removed already
[19Mar2025 02:52:21.195] [Server thread/INFO] [net.minecraft.server.MinecraftServer/]: Jukusting has made the advancement [Oh Shiny]
[19Mar2025 02:52:27.747] [Server thread/INFO] [net.minecraft.server.MinecraftServer/]: PlagaXNZ has made the advancement [Oh Shiny]
[19Mar2025 02:52:40.940] [Server thread/WARN] [net.minecraft.server.level.ServerLevel/]: Tried to add entity shy_guy:shy_guy but it was marked as removed already
[19Mar2025 02:52:42.599] [Server thread/INFO] [net.minecraft.server.MinecraftServer/]: Jukusting has made the advancement [Who is Cutting Onions?]
[19Mar2025 02:52:49.392] [Server thread/WARN] [net.minecraft.server.level.ServerLevel/]: Tried to add entity shy_guy:shy_guy but it was marked as removed already
[19Mar2025 02:52:49.735] [Worker-Main-40/WARN] [ModernFix/]: Skipped emitting ENTITY_MOUNT game event for entity Strider['Strider'/110792, l='ServerLevel[world]', x=448.90, y=31.00, z=-141.00] as it would cause deadlock
[19Mar2025 02:52:52.541] [Server thread/WARN] [net.minecraft.server.level.ServerLevel/]: Tried to add entity shy_guy:shy_guy but it was marked as removed already
[19Mar2025 02:52:52.842] [Server thread/WARN] [net.minecraft.server.level.ServerLevel/]: Tried to add entity shy_guy:shy_guy but it was marked as removed already
[19Mar2025 02:52:57.792] [Server thread/WARN] [net.minecraft.server.level.ServerLevel/]: Tried to add entity shy_guy:shy_guy but it was marked as removed already
[19Mar2025 02:52:58.599] [Server thread/INFO] [net.minecraft.server.MinecraftServer/]: PlagaXNZ has made the advancement [Who is Cutting Onions?]
[19Mar2025 02:53:20.391] [Server thread/WARN] [net.minecraft.server.level.ServerLevel/]: Tried to add entity shy_guy:shy_guy but it was marked as removed already
[19Mar2025 02:53:20.411] [Worker-Main-51/WARN] [ModernFix/]: Skipped emitting ENTITY_MOUNT game event for entity Strider['Strider'/110900, l='ServerLevel[world]', x=749.00, y=31.00, z=128.90] as it would cause deadlock
[19Mar2025 02:53:29.290] [Server thread/WARN] [net.minecraft.server.level.ServerLevel/]: Tried to add entity shy_guy:shy_guy but it was marked as removed already
[19Mar2025 02:53:29.291] [Server thread/WARN] [net.minecraft.server.level.ServerLevel/]: Tried to add entity shy_guy:shy_guy but it was marked as removed already
[19Mar2025 02:53:29.292] [Server thread/WARN] [net.minecraft.server.level.ServerLevel/]: Tried to add entity shy_guy:shy_guy but it was marked as removed already
[19Mar2025 02:53:33.929] [Worker-Main-1/WARN] [ModernFix/]: Skipped emitting ENTITY_MOUNT game event for entity Strider['Strider'/110985, l='ServerLevel[world]', x=775.00, y=31.00, z=-84.00] as it would cause deadlock
[19Mar2025 02:53:33.944] [Server thread/WARN] [net.minecraft.server.level.ServerLevel/]: Tried to add entity shy_guy:shy_guy but it was marked as removed already
[19Mar2025 02:54:03.242] [Server thread/WARN] [net.minecraft.server.level.ServerLevel/]: Tried to add entity shy_guy:shy_guy but it was marked as removed already
[19Mar2025 02:54:37.890] [Server thread/WARN] [net.minecraft.server.level.ServerLevel/]: Tried to add entity shy_guy:shy_guy but it was marked as removed already
[19Mar2025 02:54:37.892] [Server thread/WARN] [net.minecraft.server.level.ServerLevel/]: Tried to add entity shy_guy:shy_guy but it was marked as removed already
